[M::bwa_idx_load_from_disk] read 0 ALT contigs
[M::process] read 1250000 sequences (80000000 bp)...
[M::process] read 1250000 sequences (80000000 bp)...
[M::mem_process_seqs] Processed 1250000 reads in 568.025 CPU sec, 71.937 real sec
[M::process] read 1250000 sequences (80000000 bp)...
[M::mem_process_seqs] Processed 1250000 reads in 560.621 CPU sec, 69.933 real sec
[M::process] read 1250000 sequences (80000000 bp)...
[M::mem_process_seqs] Processed 1250000 reads in 566.678 CPU sec, 70.743 real sec
[M::process] read 1250000 sequences (80000000 bp)...
[M::mem_process_seqs] Processed 1250000 reads in 569.100 CPU sec, 71.132 real sec
[M::process] read 818573 sequences (52388672 bp)...
[M::mem_process_seqs] Processed 1250000 reads in 562.689 CPU sec, 70.350 real sec
[M::mem_process_seqs] Processed 818573 reads in 386.166 CPU sec, 48.266 real sec
[main] Version: 0.7.17-r1188
[main] CMD: /home/mshu/bwa-0.7.17/bwa mem -t 8 /home/mshu/GBS_96/S3_BWA/Pita_chr12.fasta /home/mshu/Stacks/samples/05/3216A1.fq.gz
[main] Real time: 927.073 sec; CPU: 3271.010 sec
[M::bwa_idx_load_from_disk] read 0 ALT contigs
[M::process] read 1250000 sequences (80000000 bp)...
[M::process] read 1250000 sequences (80000000 bp)...
[M::mem_process_seqs] Processed 1250000 reads in 474.973 CPU sec, 59.533 real sec
[M::process] read 1250000 sequences (80000000 bp)...
[M::mem_process_seqs] Processed 1250000 reads in 475.842 CPU sec, 59.301 real sec
[M::process] read 1250000 sequences (80000000 bp)...
[M::mem_process_seqs] Processed 1250000 reads in 470.402 CPU sec, 58.700 real sec
[M::process] read 1250000 sequences (80000000 bp)...
[M::mem_process_seqs] Processed 1250000 reads in 480.549 CPU sec, 59.899 real sec
[M::process] read 1250000 sequences (80000000 bp)...
[M::mem_process_seqs] Processed 1250000 reads in 483.312 CPU sec, 60.243 real sec
[M::process] read 767917 sequences (49146688 bp)...
[M::mem_process_seqs] Processed 1250000 reads in 485.919 CPU sec, 60.716 real sec
[M::mem_process_seqs] Processed 767917 reads in 301.882 CPU sec, 37.681 real sec
[main] Version: 0.7.17-r1188
[main] CMD: /home/mshu/bwa-0.7.17/bwa mem -t 8 /home/mshu/GBS_96/S3_BWA/Pita_chr12.fasta /home/mshu/Stacks/samples/05/4208A2.fq.gz
[main] Real time: 448.738 sec; CPU: 3203.376 sec
[M::bwa_idx_load_from_disk] read 0 ALT contigs
[M::process] read 1250000 sequences (80000000 bp)...
[M::process] read 1250000 sequences (80000000 bp)...
[M::mem_process_seqs] Processed 1250000 reads in 500.402 CPU sec, 62.787 real sec
[M::process] read 1250000 sequences (80000000 bp)...
[M::mem_process_seqs] Processed 1250000 reads in 503.797 CPU sec, 62.869 real sec
[M::process] read 1250000 sequences (80000000 bp)...
[M::mem_process_seqs] Processed 1250000 reads in 507.943 CPU sec, 63.335 real sec
[M::process] read 1250000 sequences (80000000 bp)...
[M::mem_process_seqs] Processed 1250000 reads in 503.739 CPU sec, 62.895 real sec
[M::process] read 1250000 sequences (80000000 bp)...
[M::mem_process_seqs] Processed 1250000 reads in 510.322 CPU sec, 63.772 real sec
[M::process] read 947955 sequences (60669120 bp)...
[M::mem_process_seqs] Processed 1250000 reads in 508.218 CPU sec, 63.479 real sec
[M::mem_process_seqs] Processed 947955 reads in 396.542 CPU sec, 49.548 real sec
[main] Version: 0.7.17-r1188
[main] CMD: /home/mshu/bwa-0.7.17/bwa mem -t 8 /home/mshu/GBS_96/S3_BWA/Pita_chr12.fasta /home/mshu/Stacks/samples/05/3291A3.fq.gz
[main] Real time: 454.882 sec; CPU: 3453.418 sec
[M::bwa_idx_load_from_disk] read 0 ALT contigs
[M::process] read 1250000 sequences (80000000 bp)...
[M::process] read 1250000 sequences (80000000 bp)...
[M::mem_process_seqs] Processed 1250000 reads in 199.715 CPU sec, 24.832 real sec
[M::process] read 1250000 sequences (80000000 bp)...
[M::mem_process_seqs] Processed 1250000 reads in 190.314 CPU sec, 23.530 real sec
[M::process] read 1250000 sequences (80000000 bp)...
[M::mem_process_seqs] Processed 1250000 reads in 189.682 CPU sec, 23.437 real sec
[M::process] read 1250000 sequences (80000000 bp)...
[M::mem_process_seqs] Processed 1250000 reads in 188.390 CPU sec, 23.264 real sec
[M::process] read 1250000 sequences (80000000 bp)...
[M::mem_process_seqs] Processed 1250000 reads in 189.824 CPU sec, 23.486 real sec
[M::process] read 1250000 sequences (80000000 bp)...
[M::mem_process_seqs] Processed 1250000 reads in 189.893 CPU sec, 23.466 real sec
[M::process] read 1250000 sequences (80000000 bp)...
[M::mem_process_seqs] Processed 1250000 reads in 188.537 CPU sec, 23.307 real sec
[M::process] read 1250000 sequences (80000000 bp)...
[M::mem_process_seqs] Processed 1250000 reads in 191.088 CPU sec, 23.649 real sec
[M::process] read 1250000 sequences (80000000 bp)...
[M::mem_process_seqs] Processed 1250000 reads in 190.054 CPU sec, 23.480 real sec
[M::process] read 1250000 sequences (80000000 bp)...
[M::mem_process_seqs] Processed 1250000 reads in 189.819 CPU sec, 23.498 real sec
[M::process] read 1250000 sequences (80000000 bp)...
[M::mem_process_seqs] Processed 1250000 reads in 190.305 CPU sec, 23.531 real sec
[M::process] read 1250000 sequences (80000000 bp)...
[M::mem_process_seqs] Processed 1250000 reads in 188.162 CPU sec, 23.255 real sec
[M::process] read 1250000 sequences (80000000 bp)...
[M::mem_process_seqs] Processed 1250000 reads in 188.318 CPU sec, 23.249 real sec
[M::process] read 1250000 sequences (80000000 bp)...
[M::mem_process_seqs] Processed 1250000 reads in 191.391 CPU sec, 23.691 real sec
[M::process] read 1250000 sequences (80000000 bp)...
[M::mem_process_seqs] Processed 1250000 reads in 187.301 CPU sec, 23.151 real sec
[M::process] read 1250000 sequences (80000000 bp)...
[M::mem_process_seqs] Processed 1250000 reads in 188.797 CPU sec, 23.334 real sec
[M::process] read 1250000 sequences (80000000 bp)...
[M::mem_process_seqs] Processed 1250000 reads in 190.395 CPU sec, 23.548 real sec
[M::process] read 1250000 sequences (80000000 bp)...
[M::mem_process_seqs] Processed 1250000 reads in 189.578 CPU sec, 23.448 real sec
[M::process] read 1250000 sequences (80000000 bp)...
[M::mem_process_seqs] Processed 1250000 reads in 188.156 CPU sec, 23.208 real sec
[M::process] read 1250000 sequences (80000000 bp)...
[M::mem_process_seqs] Processed 1250000 reads in 188.434 CPU sec, 23.281 real sec
[M::process] read 1250000 sequences (80000000 bp)...
[M::mem_process_seqs] Processed 1250000 reads in 190.070 CPU sec, 23.475 real sec
[M::process] read 1250000 sequences (80000000 bp)...
[M::mem_process_seqs] Processed 1250000 reads in 189.631 CPU sec, 23.472 real sec
[M::process] read 1250000 sequences (80000000 bp)...
[M::mem_process_seqs] Processed 1250000 reads in 190.972 CPU sec, 23.616 real sec
[M::process] read 1250000 sequences (80000000 bp)...
[M::mem_process_seqs] Processed 1250000 reads in 188.105 CPU sec, 23.211 real sec
[M::process] read 1250000 sequences (80000000 bp)...
[M::mem_process_seqs] Processed 1250000 reads in 189.445 CPU sec, 23.387 real sec
[M::process] read 1250000 sequences (80000000 bp)...
[M::mem_process_seqs] Processed 1250000 reads in 189.320 CPU sec, 23.430 real sec
[M::process] read 1250000 sequences (80000000 bp)...
[M::mem_process_seqs] Processed 1250000 reads in 189.339 CPU sec, 23.426 real sec
[M::process] read 1250000 sequences (80000000 bp)...
[M::mem_process_seqs] Processed 1250000 reads in 190.217 CPU sec, 23.495 real sec
[M::process] read 1250000 sequences (80000000 bp)...
[M::mem_process_seqs] Processed 1250000 reads in 188.343 CPU sec, 23.251 real sec
[M::process] read 1250000 sequences (80000000 bp)...
[M::mem_process_seqs] Processed 1250000 reads in 191.356 CPU sec, 23.676 real sec
[M::process] read 1250000 sequences (80000000 bp)...
[M::mem_process_seqs] Processed 1250000 reads in 189.290 CPU sec, 23.387 real sec
[M::process] read 1250000 sequences (80000000 bp)...
[M::mem_process_seqs] Processed 1250000 reads in 195.078 CPU sec, 24.096 real sec
[M::process] read 1250000 sequences (80000000 bp)...
[M::mem_process_seqs] Processed 1250000 reads in 194.810 CPU sec, 24.074 real sec
[M::process] read 1250000 sequences (80000000 bp)...
[M::mem_process_seqs] Processed 1250000 reads in 191.961 CPU sec, 23.767 real sec
[M::process] read 1250000 sequences (80000000 bp)...
[M::mem_process_seqs] Processed 1250000 reads in 194.504 CPU sec, 24.057 real sec
[M::process] read 1250000 sequences (80000000 bp)...
[M::mem_process_seqs] Processed 1250000 reads in 196.148 CPU sec, 24.271 real sec
[M::process] read 1250000 sequences (80000000 bp)...
[M::mem_process_seqs] Processed 1250000 reads in 189.088 CPU sec, 23.375 real sec
[M::process] read 1250000 sequences (80000000 bp)...
[M::mem_process_seqs] Processed 1250000 reads in 191.054 CPU sec, 23.540 real sec
[M::process] read 1123418 sequences (71898752 bp)...
[M::mem_process_seqs] Processed 1250000 reads in 188.415 CPU sec, 23.335 real sec
[M::mem_process_seqs] Processed 1123418 reads in 168.253 CPU sec, 20.963 real sec
[main] Version: 0.7.17-r1188
[main] CMD: /home/mshu/bwa-0.7.17/bwa mem -t 8 /home/mshu/GBS_96/S3_BWA/Pita_chr12.fasta /home/mshu/Stacks/samples/05/3027A4.fq.gz
[main] Real time: 963.928 sec; CPU: 7615.052 sec
[M::bwa_idx_load_from_disk] read 0 ALT contigs
[M::process] read 1250000 sequences (80000000 bp)...
[M::process] read 1250000 sequences (80000000 bp)...
[M::mem_process_seqs] Processed 1250000 reads in 531.206 CPU sec, 66.942 real sec
[M::process] read 1250000 sequences (80000000 bp)...
[M::mem_process_seqs] Processed 1250000 reads in 537.060 CPU sec, 67.101 real sec
[M::process] read 923649 sequences (59113536 bp)...
[M::mem_process_seqs] Processed 1250000 reads in 543.408 CPU sec, 68.032 real sec
[M::mem_process_seqs] Processed 923649 reads in 407.730 CPU sec, 50.926 real sec
[main] Version: 0.7.17-r1188
[main] CMD: /home/mshu/bwa-0.7.17/bwa mem -t 8 /home/mshu/GBS_96/S3_BWA/Pita_chr12.fasta /home/mshu/Stacks/samples/05/3303A5.fq.gz
[main] Real time: 282.259 sec; CPU: 2040.819 sec
[M::bwa_idx_load_from_disk] read 0 ALT contigs
[M::process] read 1250000 sequences (80000000 bp)...
[M::process] read 1250000 sequences (80000000 bp)...
[M::mem_process_seqs] Processed 1250000 reads in 605.803 CPU sec, 76.047 real sec
[M::process] read 1250000 sequences (80000000 bp)...
[M::mem_process_seqs] Processed 1250000 reads in 610.808 CPU sec, 76.275 real sec
[M::process] read 1250000 sequences (80000000 bp)...
[M::mem_process_seqs] Processed 1250000 reads in 619.003 CPU sec, 77.362 real sec
[M::process] read 1250000 sequences (80000000 bp)...
[M::mem_process_seqs] Processed 1250000 reads in 619.186 CPU sec, 77.226 real sec
[M::process] read 1250000 sequences (80000000 bp)...
[M::mem_process_seqs] Processed 1250000 reads in 615.175 CPU sec, 76.827 real sec
[M::process] read 694603 sequences (44454592 bp)...
[M::mem_process_seqs] Processed 1250000 reads in 626.312 CPU sec, 78.300 real sec
[M::mem_process_seqs] Processed 694603 reads in 344.712 CPU sec, 43.001 real sec
[main] Version: 0.7.17-r1188
[main] CMD: /home/mshu/bwa-0.7.17/bwa mem -t 8 /home/mshu/GBS_96/S3_BWA/Pita_chr12.fasta /home/mshu/Stacks/samples/05/3040A6.fq.gz
[main] Real time: 530.111 sec; CPU: 4062.373 sec
[M::bwa_idx_load_from_disk] read 0 ALT contigs
[M::process] read 1250000 sequences (80000000 bp)...
[M::process] read 1250000 sequences (80000000 bp)...
[M::mem_process_seqs] Processed 1250000 reads in 454.872 CPU sec, 57.150 real sec
[M::process] read 1250000 sequences (80000000 bp)...
[M::mem_process_seqs] Processed 1250000 reads in 463.190 CPU sec, 57.752 real sec
[M::process] read 1250000 sequences (80000000 bp)...
[M::mem_process_seqs] Processed 1250000 reads in 454.309 CPU sec, 56.688 real sec
[M::process] read 1250000 sequences (80000000 bp)...
[M::mem_process_seqs] Processed 1250000 reads in 462.223 CPU sec, 57.669 real sec
[M::process] read 1250000 sequences (80000000 bp)...
[M::mem_process_seqs] Processed 1250000 reads in 458.431 CPU sec, 57.197 real sec
[M::process] read 1163933 sequences (74491712 bp)...
[M::mem_process_seqs] Processed 1250000 reads in 465.255 CPU sec, 58.046 real sec
[M::mem_process_seqs] Processed 1163933 reads in 441.410 CPU sec, 55.200 real sec
[main] Version: 0.7.17-r1188
[main] CMD: /home/mshu/bwa-0.7.17/bwa mem -t 8 /home/mshu/GBS_96/S3_BWA/Pita_chr12.fasta /home/mshu/Stacks/samples/05/3272A7.fq.gz
[main] Real time: 423.811 sec; CPU: 3219.775 sec
[M::bwa_idx_load_from_disk] read 0 ALT contigs
[M::process] read 1250000 sequences (80000000 bp)...
[M::process] read 1250000 sequences (80000000 bp)...
[M::mem_process_seqs] Processed 1250000 reads in 592.908 CPU sec, 74.321 real sec
[M::process] read 1250000 sequences (80000000 bp)...
[M::mem_process_seqs] Processed 1250000 reads in 581.714 CPU sec, 72.658 real sec
[M::process] read 853042 sequences (54594688 bp)...
[M::mem_process_seqs] Processed 1250000 reads in 580.260 CPU sec, 72.516 real sec
[M::mem_process_seqs] Processed 853042 reads in 406.450 CPU sec, 50.816 real sec
[main] Version: 0.7.17-r1188
[main] CMD: /home/mshu/bwa-0.7.17/bwa mem -t 8 /home/mshu/GBS_96/S3_BWA/Pita_chr12.fasta /home/mshu/Stacks/samples/05/3048A8.fq.gz
[main] Real time: 292.107 sec; CPU: 2182.150 sec
[M::bwa_idx_load_from_disk] read 0 ALT contigs
[M::process] read 1250000 sequences (80000000 bp)...
[M::process] read 1250000 sequences (80000000 bp)...
[M::mem_process_seqs] Processed 1250000 reads in 596.143 CPU sec, 74.772 real sec
[M::process] read 1250000 sequences (80000000 bp)...
[M::mem_process_seqs] Processed 1250000 reads in 602.536 CPU sec, 75.286 real sec
[M::process] read 1250000 sequences (80000000 bp)...
[M::mem_process_seqs] Processed 1250000 reads in 601.977 CPU sec, 75.194 real sec
[M::process] read 1250000 sequences (80000000 bp)...
[M::mem_process_seqs] Processed 1250000 reads in 611.297 CPU sec, 76.354 real sec
[M::process] read 1250000 sequences (80000000 bp)...
[M::mem_process_seqs] Processed 1250000 reads in 605.401 CPU sec, 75.587 real sec
[M::process] read 143346 sequences (9174144 bp)...
[M::mem_process_seqs] Processed 1250000 reads in 618.454 CPU sec, 77.446 real sec
[M::mem_process_seqs] Processed 143346 reads in 73.627 CPU sec, 9.033 real sec
[main] Version: 0.7.17-r1188
[main] CMD: /home/mshu/bwa-0.7.17/bwa mem -t 8 /home/mshu/GBS_96/S3_BWA/Pita_chr12.fasta /home/mshu/Stacks/samples/05/3046A9.fq.gz
[main] Real time: 485.507 sec; CPU: 3729.023 sec
[M::bwa_idx_load_from_disk] read 0 ALT contigs
[M::process] read 1250000 sequences (80000000 bp)...
[M::process] read 1250000 sequences (80000000 bp)...
[M::mem_process_seqs] Processed 1250000 reads in 587.913 CPU sec, 74.366 real sec
[M::process] read 1250000 sequences (80000000 bp)...
[M::mem_process_seqs] Processed 1250000 reads in 608.709 CPU sec, 76.056 real sec
[M::process] read 1250000 sequences (80000000 bp)...
[M::mem_process_seqs] Processed 1250000 reads in 606.623 CPU sec, 75.752 real sec
[M::process] read 1250000 sequences (80000000 bp)...
[M::mem_process_seqs] Processed 1250000 reads in 610.864 CPU sec, 76.315 real sec
[M::process] read 906280 sequences (58001920 bp)...
[M::mem_process_seqs] Processed 1250000 reads in 604.063 CPU sec, 75.467 real sec
[M::mem_process_seqs] Processed 906280 reads in 452.334 CPU sec, 56.527 real sec
[main] Version: 0.7.17-r1188
[main] CMD: /home/mshu/bwa-0.7.17/bwa mem -t 8 /home/mshu/GBS_96/S3_BWA/Pita_chr12.fasta /home/mshu/Stacks/samples/05/3407A10.fq.gz
[main] Real time: 456.159 sec; CPU: 3490.567 sec
[M::bwa_idx_load_from_disk] read 0 ALT contigs
[M::process] read 1250000 sequences (80000000 bp)...
[M::process] read 1250000 sequences (80000000 bp)...
[M::mem_process_seqs] Processed 1250000 reads in 596.467 CPU sec, 74.949 real sec
[M::process] read 1250000 sequences (80000000 bp)...
[M::mem_process_seqs] Processed 1250000 reads in 618.728 CPU sec, 77.276 real sec
[M::process] read 1250000 sequences (80000000 bp)...
[M::mem_process_seqs] Processed 1250000 reads in 596.290 CPU sec, 74.496 real sec
[M::process] read 1250000 sequences (80000000 bp)...
[M::mem_process_seqs] Processed 1250000 reads in 608.352 CPU sec, 75.994 real sec
[M::process] read 1250000 sequences (80000000 bp)...
[M::mem_process_seqs] Processed 1250000 reads in 612.189 CPU sec, 76.456 real sec
[M::process] read 708625 sequences (45352000 bp)...
[M::mem_process_seqs] Processed 1250000 reads in 608.313 CPU sec, 76.030 real sec
[M::mem_process_seqs] Processed 708625 reads in 346.256 CPU sec, 43.271 real sec
[main] Version: 0.7.17-r1188
[main] CMD: /home/mshu/bwa-0.7.17/bwa mem -t 8 /home/mshu/GBS_96/S3_BWA/Pita_chr12.fasta /home/mshu/Stacks/samples/05/3037A11.fq.gz
[main] Real time: 521.632 sec; CPU: 4006.287 sec
[M::bwa_idx_load_from_disk] read 0 ALT contigs
[M::process] read 1250000 sequences (80000000 bp)...
[M::process] read 1250000 sequences (80000000 bp)...
[M::mem_process_seqs] Processed 1250000 reads in 562.410 CPU sec, 70.767 real sec
[M::process] read 1250000 sequences (80000000 bp)...
[M::mem_process_seqs] Processed 1250000 reads in 581.382 CPU sec, 72.632 real sec
[M::process] read 1250000 sequences (80000000 bp)...
[M::mem_process_seqs] Processed 1250000 reads in 581.340 CPU sec, 72.635 real sec
[M::process] read 1250000 sequences (80000000 bp)...
[M::mem_process_seqs] Processed 1250000 reads in 577.499 CPU sec, 72.152 real sec
[M::process] read 1250000 sequences (80000000 bp)...
[M::mem_process_seqs] Processed 1250000 reads in 577.827 CPU sec, 72.127 real sec
[M::process] read 1163248 sequences (74447872 bp)...
[M::mem_process_seqs] Processed 1250000 reads in 592.158 CPU sec, 73.922 real sec
[M::mem_process_seqs] Processed 1163248 reads in 561.479 CPU sec, 70.275 real sec
[main] Version: 0.7.17-r1188
[main] CMD: /home/mshu/bwa-0.7.17/bwa mem -t 8 /home/mshu/GBS_96/S3_BWA/Pita_chr12.fasta /home/mshu/Stacks/samples/05/3371A12.fq.gz
[main] Real time: 526.799 sec; CPU: 4054.557 sec
[M::bwa_idx_load_from_disk] read 0 ALT contigs
[M::process] read 1250000 sequences (80000000 bp)...
[M::process] read 1250000 sequences (80000000 bp)...
[M::mem_process_seqs] Processed 1250000 reads in 598.178 CPU sec, 75.341 real sec
[M::process] read 1250000 sequences (80000000 bp)...
[M::mem_process_seqs] Processed 1250000 reads in 605.632 CPU sec, 75.666 real sec
[M::process] read 1250000 sequences (80000000 bp)...
[M::mem_process_seqs] Processed 1250000 reads in 607.222 CPU sec, 75.977 real sec
[M::process] read 1250000 sequences (80000000 bp)...
[M::mem_process_seqs] Processed 1250000 reads in 604.487 CPU sec, 75.386 real sec
[M::process] read 914510 sequences (58528640 bp)...
[M::mem_process_seqs] Processed 1250000 reads in 609.868 CPU sec, 76.338 real sec
[M::mem_process_seqs] Processed 914510 reads in 454.134 CPU sec, 56.793 real sec
[main] Version: 0.7.17-r1188
[main] CMD: /home/mshu/bwa-0.7.17/bwa mem -t 8 /home/mshu/GBS_96/S3_BWA/Pita_chr12.fasta /home/mshu/Stacks/samples/05/3061B1.fq.gz
[main] Real time: 458.989 sec; CPU: 3499.908 sec
[M::bwa_idx_load_from_disk] read 0 ALT contigs
[M::process] read 1250000 sequences (80000000 bp)...
[M::process] read 1250000 sequences (80000000 bp)...
[M::mem_process_seqs] Processed 1250000 reads in 539.596 CPU sec, 68.657 real sec
[M::process] read 1250000 sequences (80000000 bp)...
[M::mem_process_seqs] Processed 1250000 reads in 548.330 CPU sec, 68.519 real sec
[M::process] read 1250000 sequences (80000000 bp)...
[M::mem_process_seqs] Processed 1250000 reads in 551.828 CPU sec, 69.688 real sec
[M::process] read 1250000 sequences (80000000 bp)...
[M::mem_process_seqs] Processed 1250000 reads in 548.733 CPU sec, 69.012 real sec
[M::process] read 807038 sequences (51650432 bp)...
[M::mem_process_seqs] Processed 1250000 reads in 553.753 CPU sec, 70.277 real sec
[M::mem_process_seqs] Processed 807038 reads in 362.633 CPU sec, 45.521 real sec
[main] Version: 0.7.17-r1188
[main] CMD: /home/mshu/bwa-0.7.17/bwa mem -t 8 /home/mshu/GBS_96/S3_BWA/Pita_chr12.fasta /home/mshu/Stacks/samples/05/3063B2.fq.gz
[main] Real time: 415.693 sec; CPU: 3124.816 sec
[M::bwa_idx_load_from_disk] read 0 ALT contigs
[M::process] read 1250000 sequences (80000000 bp)...
[M::process] read 1250000 sequences (80000000 bp)...
[M::mem_process_seqs] Processed 1250000 reads in 566.971 CPU sec, 73.923 real sec
[M::process] read 1250000 sequences (80000000 bp)...
[M::mem_process_seqs] Processed 1250000 reads in 575.000 CPU sec, 72.289 real sec
[M::process] read 1250000 sequences (80000000 bp)...
[M::mem_process_seqs] Processed 1250000 reads in 572.032 CPU sec, 72.506 real sec
[M::process] read 1250000 sequences (80000000 bp)...
[M::mem_process_seqs] Processed 1250000 reads in 578.898 CPU sec, 72.781 real sec
[M::process] read 146651 sequences (9385664 bp)...
[M::mem_process_seqs] Processed 1250000 reads in 589.377 CPU sec, 74.058 real sec
[M::mem_process_seqs] Processed 146651 reads in 70.188 CPU sec, 8.842 real sec
[main] Version: 0.7.17-r1188
[main] CMD: /home/mshu/bwa-0.7.17/bwa mem -t 8 /home/mshu/GBS_96/S3_BWA/Pita_chr12.fasta /home/mshu/Stacks/samples/05/3373B3.fq.gz
[main] Real time: 394.381 sec; CPU: 2970.189 sec
[M::bwa_idx_load_from_disk] read 0 ALT contigs
[M::process] read 1250000 sequences (80000000 bp)...
[M::process] read 1250000 sequences (80000000 bp)...
[M::mem_process_seqs] Processed 1250000 reads in 563.693 CPU sec, 73.361 real sec
[M::process] read 1250000 sequences (80000000 bp)...
[M::mem_process_seqs] Processed 1250000 reads in 572.115 CPU sec, 71.956 real sec
[M::process] read 1250000 sequences (80000000 bp)...
[M::mem_process_seqs] Processed 1250000 reads in 566.201 CPU sec, 71.698 real sec
[M::process] read 1046807 sequences (66995648 bp)...
[M::mem_process_seqs] Processed 1250000 reads in 572.015 CPU sec, 71.841 real sec
[M::mem_process_seqs] Processed 1046807 reads in 484.719 CPU sec, 60.902 real sec
[main] Version: 0.7.17-r1188
[main] CMD: /home/mshu/bwa-0.7.17/bwa mem -t 8 /home/mshu/GBS_96/S3_BWA/Pita_chr12.fasta /home/mshu/Stacks/samples/05/18207B4.fq.gz
[main] Real time: 371.102 sec; CPU: 2777.087 sec
[M::bwa_idx_load_from_disk] read 0 ALT contigs
[M::process] read 1250000 sequences (80000000 bp)...
[M::process] read 1250000 sequences (80000000 bp)...
[M::mem_process_seqs] Processed 1250000 reads in 598.756 CPU sec, 77.872 real sec
[M::process] read 1250000 sequences (80000000 bp)...
[M::mem_process_seqs] Processed 1250000 reads in 601.645 CPU sec, 75.554 real sec
[M::process] read 1250000 sequences (80000000 bp)...
[M::mem_process_seqs] Processed 1250000 reads in 599.529 CPU sec, 75.578 real sec
[M::process] read 1250000 sequences (80000000 bp)...
[M::mem_process_seqs] Processed 1250000 reads in 597.320 CPU sec, 75.040 real sec
[M::process] read 1250000 sequences (80000000 bp)...
[M::mem_process_seqs] Processed 1250000 reads in 607.996 CPU sec, 76.538 real sec
[M::process] read 502709 sequences (32173376 bp)...
[M::mem_process_seqs] Processed 1250000 reads in 616.827 CPU sec, 77.528 real sec
[M::mem_process_seqs] Processed 502709 reads in 241.733 CPU sec, 30.320 real sec
[main] Version: 0.7.17-r1188
[main] CMD: /home/mshu/bwa-0.7.17/bwa mem -t 8 /home/mshu/GBS_96/S3_BWA/Pita_chr12.fasta /home/mshu/Stacks/samples/05/3041B5.fq.gz
[main] Real time: 508.532 sec; CPU: 3881.461 sec
[M::bwa_idx_load_from_disk] read 0 ALT contigs
[M::process] read 1250000 sequences (80000000 bp)...
[M::process] read 1250000 sequences (80000000 bp)...
[M::mem_process_seqs] Processed 1250000 reads in 619.404 CPU sec, 80.393 real sec
[M::process] read 1250000 sequences (80000000 bp)...
[M::mem_process_seqs] Processed 1250000 reads in 622.176 CPU sec, 78.251 real sec
[M::process] read 1250000 sequences (80000000 bp)...
[M::mem_process_seqs] Processed 1250000 reads in 623.154 CPU sec, 78.975 real sec
[M::process] read 1250000 sequences (80000000 bp)...
[M::mem_process_seqs] Processed 1250000 reads in 619.348 CPU sec, 77.755 real sec
[M::process] read 471217 sequences (30157888 bp)...
[M::mem_process_seqs] Processed 1250000 reads in 642.864 CPU sec, 84.011 real sec
[M::mem_process_seqs] Processed 471217 reads in 240.218 CPU sec, 32.790 real sec
[main] Version: 0.7.17-r1188
[main] CMD: /home/mshu/bwa-0.7.17/bwa mem -t 8 /home/mshu/GBS_96/S3_BWA/Pita_chr12.fasta /home/mshu/Stacks/samples/05/3138B6.fq.gz
[main] Real time: 451.250 sec; CPU: 3384.908 sec
[M::bwa_idx_load_from_disk] read 0 ALT contigs
[M::process] read 1250000 sequences (80000000 bp)...
[M::process] read 1250000 sequences (80000000 bp)...
[M::mem_process_seqs] Processed 1250000 reads in 662.633 CPU sec, 99.743 real sec
[M::process] read 1250000 sequences (80000000 bp)...
[M::mem_process_seqs] Processed 1250000 reads in 666.918 CPU sec, 95.197 real sec
[M::process] read 1250000 sequences (80000000 bp)...
[M::mem_process_seqs] Processed 1250000 reads in 664.390 CPU sec, 104.666 real sec
[M::process] read 1250000 sequences (80000000 bp)...
[M::mem_process_seqs] Processed 1250000 reads in 660.705 CPU sec, 116.666 real sec
[M::process] read 1250000 sequences (80000000 bp)...
[M::mem_process_seqs] Processed 1250000 reads in 654.969 CPU sec, 117.310 real sec
[M::process] read 515813 sequences (33012032 bp)...
[M::mem_process_seqs] Processed 1250000 reads in 674.685 CPU sec, 121.253 real sec
[M::mem_process_seqs] Processed 515813 reads in 277.535 CPU sec, 51.405 real sec
[main] Version: 0.7.17-r1188
[main] CMD: /home/mshu/bwa-0.7.17/bwa mem -t 8 /home/mshu/GBS_96/S3_BWA/Pita_chr12.fasta /home/mshu/Stacks/samples/05/3211B7.fq.gz
[main] Real time: 724.708 sec; CPU: 4279.507 sec
[M::bwa_idx_load_from_disk] read 0 ALT contigs
[M::process] read 1250000 sequences (80000000 bp)...
[M::process] read 1250000 sequences (80000000 bp)...
[M::mem_process_seqs] Processed 1250000 reads in 617.329 CPU sec, 174.023 real sec
[M::process] read 1250000 sequences (80000000 bp)...
[M::mem_process_seqs] Processed 1250000 reads in 614.359 CPU sec, 130.137 real sec
[M::process] read 1250000 sequences (80000000 bp)...
[M::mem_process_seqs] Processed 1250000 reads in 612.000 CPU sec, 161.225 real sec
[M::process] read 1250000 sequences (80000000 bp)...
[M::mem_process_seqs] Processed 1250000 reads in 609.850 CPU sec, 159.820 real sec
[M::process] read 1250000 sequences (80000000 bp)...
[M::mem_process_seqs] Processed 1250000 reads in 612.601 CPU sec, 162.755 real sec
[M::process] read 1250000 sequences (80000000 bp)...
[M::mem_process_seqs] Processed 1250000 reads in 612.355 CPU sec, 160.585 real sec
[M::process] read 1250000 sequences (80000000 bp)...
[M::mem_process_seqs] Processed 1250000 reads in 617.712 CPU sec, 166.813 real sec
[M::process] read 774235 sequences (49551040 bp)...
[M::mem_process_seqs] Processed 1250000 reads in 632.674 CPU sec, 163.756 real sec
[M::mem_process_seqs] Processed 774235 reads in 383.947 CPU sec, 100.021 real sec
[main] Version: 0.7.17-r1188
[main] CMD: /home/mshu/bwa-0.7.17/bwa mem -t 8 /home/mshu/GBS_96/S3_BWA/Pita_chr12.fasta /home/mshu/Stacks/samples/05/4224B8.fq.gz
[main] Real time: 1400.181 sec; CPU: 5330.588 sec
[M::bwa_idx_load_from_disk] read 0 ALT contigs
[M::process] read 1250000 sequences (80000000 bp)...
[M::process] read 1250000 sequences (80000000 bp)...
[M::mem_process_seqs] Processed 1250000 reads in 569.093 CPU sec, 294.796 real sec
[M::process] read 1250000 sequences (80000000 bp)...
[M::mem_process_seqs] Processed 1250000 reads in 568.158 CPU sec, 156.251 real sec
[M::process] read 1250000 sequences (80000000 bp)...
[M::mem_process_seqs] Processed 1250000 reads in 567.308 CPU sec, 156.334 real sec
[M::process] read 1250000 sequences (80000000 bp)...
[M::mem_process_seqs] Processed 1250000 reads in 568.253 CPU sec, 149.814 real sec
[M::process] read 1250000 sequences (80000000 bp)...
[M::mem_process_seqs] Processed 1250000 reads in 565.440 CPU sec, 154.924 real sec
[M::process] read 1250000 sequences (80000000 bp)...
[M::mem_process_seqs] Processed 1250000 reads in 569.209 CPU sec, 156.401 real sec
[M::process] read 1028495 sequences (65823680 bp)...
[M::mem_process_seqs] Processed 1250000 reads in 578.745 CPU sec, 165.513 real sec
[M::mem_process_seqs] Processed 1028495 reads in 475.622 CPU sec, 136.100 real sec
[main] Version: 0.7.17-r1188
[main] CMD: /home/mshu/bwa-0.7.17/bwa mem -t 8 /home/mshu/GBS_96/S3_BWA/Pita_chr12.fasta /home/mshu/Stacks/samples/05/3166B9.fq.gz
[main] Real time: 1396.698 sec; CPU: 4479.431 sec
[M::bwa_idx_load_from_disk] read 0 ALT contigs
[M::process] read 1250000 sequences (80000000 bp)...
[M::process] read 1250000 sequences (80000000 bp)...
[M::mem_process_seqs] Processed 1250000 reads in 596.623 CPU sec, 339.111 real sec
[M::process] read 1250000 sequences (80000000 bp)...
[M::mem_process_seqs] Processed 1250000 reads in 595.405 CPU sec, 172.049 real sec
[M::process] read 1250000 sequences (80000000 bp)...
[M::mem_process_seqs] Processed 1250000 reads in 595.294 CPU sec, 178.682 real sec
[M::process] read 1250000 sequences (80000000 bp)...
[M::mem_process_seqs] Processed 1250000 reads in 592.161 CPU sec, 174.116 real sec
[M::process] read 1250000 sequences (80000000 bp)...
[M::mem_process_seqs] Processed 1250000 reads in 595.206 CPU sec, 181.936 real sec
[M::process] read 653776 sequences (41841664 bp)...
[M::mem_process_seqs] Processed 1250000 reads in 606.779 CPU sec, 182.925 real sec
[M::mem_process_seqs] Processed 653776 reads in 312.744 CPU sec, 92.255 real sec
[main] Version: 0.7.17-r1188
[main] CMD: /home/mshu/bwa-0.7.17/bwa mem -t 8 /home/mshu/GBS_96/S3_BWA/Pita_chr12.fasta /home/mshu/Stacks/samples/05/3088B10.fq.gz
[main] Real time: 1348.827 sec; CPU: 3911.436 sec
[M::bwa_idx_load_from_disk] read 0 ALT contigs
[M::process] read 1250000 sequences (80000000 bp)...
[M::process] read 1250000 sequences (80000000 bp)...
[M::mem_process_seqs] Processed 1250000 reads in 604.320 CPU sec, 378.288 real sec
[M::process] read 1250000 sequences (80000000 bp)...
[M::mem_process_seqs] Processed 1250000 reads in 598.690 CPU sec, 187.534 real sec
[M::process] read 1250000 sequences (80000000 bp)...
[M::mem_process_seqs] Processed 1250000 reads in 599.782 CPU sec, 196.521 real sec
[M::process] read 973793 sequences (62322752 bp)...
[M::mem_process_seqs] Processed 1250000 reads in 602.297 CPU sec, 186.911 real sec
[M::mem_process_seqs] Processed 973793 reads in 476.210 CPU sec, 148.351 real sec
[main] Version: 0.7.17-r1188
[main] CMD: /home/mshu/bwa-0.7.17/bwa mem -t 8 /home/mshu/GBS_96/S3_BWA/Pita_chr12.fasta /home/mshu/Stacks/samples/05/3325B11.fq.gz
[main] Real time: 1128.122 sec; CPU: 2898.744 sec
[M::bwa_idx_load_from_disk] read 0 ALT contigs
[M::process] read 1250000 sequences (80000000 bp)...
[M::process] read 1250000 sequences (80000000 bp)...
[M::mem_process_seqs] Processed 1250000 reads in 577.546 CPU sec, 347.694 real sec
[M::process] read 1250000 sequences (80000000 bp)...
[M::mem_process_seqs] Processed 1250000 reads in 577.210 CPU sec, 189.338 real sec
[M::process] read 1250000 sequences (80000000 bp)...
[M::mem_process_seqs] Processed 1250000 reads in 577.495 CPU sec, 185.281 real sec
[M::process] read 1250000 sequences (80000000 bp)...
[M::mem_process_seqs] Processed 1250000 reads in 573.314 CPU sec, 185.931 real sec
[M::process] read 537037 sequences (34370368 bp)...
[M::mem_process_seqs] Processed 1250000 reads in 584.536 CPU sec, 195.394 real sec
[M::mem_process_seqs] Processed 537037 reads in 250.264 CPU sec, 85.926 real sec
[main] Version: 0.7.17-r1188
[main] CMD: /home/mshu/bwa-0.7.17/bwa mem -t 8 /home/mshu/GBS_96/S3_BWA/Pita_chr12.fasta /home/mshu/Stacks/samples/05/3121B12.fq.gz
[main] Real time: 1217.023 sec; CPU: 3157.865 sec
[M::bwa_idx_load_from_disk] read 0 ALT contigs
[M::process] read 1250000 sequences (80000000 bp)...
[M::process] read 1250000 sequences (80000000 bp)...
[M::mem_process_seqs] Processed 1250000 reads in 633.565 CPU sec, 457.597 real sec
[M::process] read 1250000 sequences (80000000 bp)...
[M::mem_process_seqs] Processed 1250000 reads in 628.121 CPU sec, 234.222 real sec
[M::process] read 1250000 sequences (80000000 bp)...
[M::mem_process_seqs] Processed 1250000 reads in 625.848 CPU sec, 218.203 real sec
[M::process] read 1250000 sequences (80000000 bp)...
[M::mem_process_seqs] Processed 1250000 reads in 625.870 CPU sec, 219.596 real sec
[M::process] read 814836 sequences (52149504 bp)...
[M::mem_process_seqs] Processed 1250000 reads in 628.798 CPU sec, 226.444 real sec
[M::mem_process_seqs] Processed 814836 reads in 423.834 CPU sec, 147.256 real sec
[main] Version: 0.7.17-r1188
[main] CMD: /home/mshu/bwa-0.7.17/bwa mem -t 8 /home/mshu/GBS_96/S3_BWA/Pita_chr12.fasta /home/mshu/Stacks/samples/05/3331C1.fq.gz
[main] Real time: 1539.671 sec; CPU: 3583.529 sec
[M::bwa_idx_load_from_disk] read 0 ALT contigs
[M::process] read 1250000 sequences (80000000 bp)...
[M::process] read 1250000 sequences (80000000 bp)...
[M::mem_process_seqs] Processed 1250000 reads in 648.990 CPU sec, 432.292 real sec
[M::process] read 1250000 sequences (80000000 bp)...
[M::mem_process_seqs] Processed 1250000 reads in 642.111 CPU sec, 229.992 real sec
[M::process] read 1250000 sequences (80000000 bp)...
[M::mem_process_seqs] Processed 1250000 reads in 642.193 CPU sec, 236.170 real sec
[M::process] read 1250000 sequences (80000000 bp)...
[M::mem_process_seqs] Processed 1250000 reads in 642.156 CPU sec, 232.428 real sec
[M::process] read 1250000 sequences (80000000 bp)...
[M::mem_process_seqs] Processed 1250000 reads in 642.121 CPU sec, 227.920 real sec
[M::process] read 1139442 sequences (72924288 bp)...
[M::mem_process_seqs] Processed 1250000 reads in 649.651 CPU sec, 232.255 real sec
[M::mem_process_seqs] Processed 1139442 reads in 608.789 CPU sec, 216.013 real sec
[main] Version: 0.7.17-r1188
[main] CMD: /home/mshu/bwa-0.7.17/bwa mem -t 8 /home/mshu/GBS_96/S3_BWA/Pita_chr12.fasta /home/mshu/Stacks/samples/05/3310C2.fq.gz
[main] Real time: 1848.499 sec; CPU: 4493.726 sec
[M::bwa_idx_load_from_disk] read 0 ALT contigs
[M::process] read 1250000 sequences (80000000 bp)...
[M::process] read 1250000 sequences (80000000 bp)...
[M::mem_process_seqs] Processed 1250000 reads in 580.712 CPU sec, 409.653 real sec
[M::process] read 1250000 sequences (80000000 bp)...
[M::mem_process_seqs] Processed 1250000 reads in 580.044 CPU sec, 214.706 real sec
[M::process] read 1250000 sequences (80000000 bp)...
[M::mem_process_seqs] Processed 1250000 reads in 583.725 CPU sec, 216.290 real sec
[M::process] read 928035 sequences (59394240 bp)...
[M::mem_process_seqs] Processed 1250000 reads in 579.887 CPU sec, 205.223 real sec
[M::mem_process_seqs] Processed 928035 reads in 439.101 CPU sec, 153.019 real sec
[main] Version: 0.7.17-r1188
[main] CMD: /home/mshu/bwa-0.7.17/bwa mem -t 8 /home/mshu/GBS_96/S3_BWA/Pita_chr12.fasta /home/mshu/Stacks/samples/05/3413C3.fq.gz
[main] Real time: 1238.807 sec; CPU: 2780.926 sec
[M::bwa_idx_load_from_disk] read 0 ALT contigs
[M::process] read 1250000 sequences (80000000 bp)...
[M::process] read 1250000 sequences (80000000 bp)...
[M::mem_process_seqs] Processed 1250000 reads in 540.182 CPU sec, 354.091 real sec
[M::process] read 1250000 sequences (80000000 bp)...
[M::mem_process_seqs] Processed 1250000 reads in 535.962 CPU sec, 199.173 real sec
[M::process] read 1099581 sequences (70373184 bp)...
[M::mem_process_seqs] Processed 1250000 reads in 538.341 CPU sec, 192.921 real sec
[M::mem_process_seqs] Processed 1099581 reads in 479.756 CPU sec, 167.082 real sec
[main] Version: 0.7.17-r1188
[main] CMD: /home/mshu/bwa-0.7.17/bwa mem -t 8 /home/mshu/GBS_96/S3_BWA/Pita_chr12.fasta /home/mshu/Stacks/samples/05/3352C4.fq.gz
[main] Real time: 953.050 sec; CPU: 2111.669 sec
[M::bwa_idx_load_from_disk] read 0 ALT contigs
[M::process] read 1250000 sequences (80000000 bp)...
[M::process] read 1250000 sequences (80000000 bp)...
[M::mem_process_seqs] Processed 1250000 reads in 495.839 CPU sec, 331.142 real sec
[M::process] read 1250000 sequences (80000000 bp)...
[M::mem_process_seqs] Processed 1250000 reads in 491.796 CPU sec, 175.953 real sec
[M::process] read 1250000 sequences (80000000 bp)...
[M::mem_process_seqs] Processed 1250000 reads in 494.770 CPU sec, 180.633 real sec
[M::process] read 1250000 sequences (80000000 bp)...
[M::mem_process_seqs] Processed 1250000 reads in 492.243 CPU sec, 173.527 real sec
[M::process] read 1250000 sequences (80000000 bp)...
[M::mem_process_seqs] Processed 1250000 reads in 492.642 CPU sec, 177.876 real sec
[M::process] read 1250000 sequences (80000000 bp)...
[M::mem_process_seqs] Processed 1250000 reads in 495.607 CPU sec, 174.596 real sec
[M::process] read 658277 sequences (42129728 bp)...
[M::mem_process_seqs] Processed 1250000 reads in 502.848 CPU sec, 179.847 real sec
[M::mem_process_seqs] Processed 658277 reads in 260.452 CPU sec, 93.042 real sec
[main] Version: 0.7.17-r1188
[main] CMD: /home/mshu/bwa-0.7.17/bwa mem -t 8 /home/mshu/GBS_96/S3_BWA/Pita_chr12.fasta /home/mshu/Stacks/samples/05/3369C5.fq.gz
[main] Real time: 1522.256 sec; CPU: 3743.857 sec
[M::bwa_idx_load_from_disk] read 0 ALT contigs
[M::process] read 1250000 sequences (80000000 bp)...
[M::process] read 1250000 sequences (80000000 bp)...
[M::mem_process_seqs] Processed 1250000 reads in 634.602 CPU sec, 401.429 real sec
[M::process] read 1250000 sequences (80000000 bp)...
[M::mem_process_seqs] Processed 1250000 reads in 628.286 CPU sec, 222.204 real sec
[M::process] read 1250000 sequences (80000000 bp)...
[M::mem_process_seqs] Processed 1250000 reads in 628.144 CPU sec, 222.994 real sec
[M::process] read 1250000 sequences (80000000 bp)...
[M::mem_process_seqs] Processed 1250000 reads in 629.958 CPU sec, 223.632 real sec
[M::process] read 1250000 sequences (80000000 bp)...
[M::mem_process_seqs] Processed 1250000 reads in 630.390 CPU sec, 231.094 real sec
[M::process] read 1250000 sequences (80000000 bp)...
[M::mem_process_seqs] Processed 1250000 reads in 634.592 CPU sec, 231.771 real sec
[M::process] read 358994 sequences (22975616 bp)...
[M::mem_process_seqs] Processed 1250000 reads in 644.634 CPU sec, 239.993 real sec
[M::mem_process_seqs] Processed 358994 reads in 178.903 CPU sec, 64.191 real sec
[main] Version: 0.7.17-r1188
[main] CMD: /home/mshu/bwa-0.7.17/bwa mem -t 8 /home/mshu/GBS_96/S3_BWA/Pita_chr12.fasta /home/mshu/Stacks/samples/05/18830C6.fq.gz
[main] Real time: 1876.792 sec; CPU: 4626.903 sec
[M::bwa_idx_load_from_disk] read 0 ALT contigs
[M::process] read 1250000 sequences (80000000 bp)...
[M::process] read 1250000 sequences (80000000 bp)...
[M::mem_process_seqs] Processed 1250000 reads in 639.703 CPU sec, 419.990 real sec
[M::process] read 1250000 sequences (80000000 bp)...
[M::mem_process_seqs] Processed 1250000 reads in 636.440 CPU sec, 235.540 real sec
[M::process] read 1250000 sequences (80000000 bp)...
[M::mem_process_seqs] Processed 1250000 reads in 639.470 CPU sec, 232.407 real sec
[M::process] read 1250000 sequences (80000000 bp)...
[M::mem_process_seqs] Processed 1250000 reads in 636.072 CPU sec, 237.952 real sec
[M::process] read 1250000 sequences (80000000 bp)...
[M::mem_process_seqs] Processed 1250000 reads in 637.970 CPU sec, 237.203 real sec
[M::process] read 751676 sequences (48107264 bp)...
[M::mem_process_seqs] Processed 1250000 reads in 649.695 CPU sec, 233.801 real sec
[M::mem_process_seqs] Processed 751676 reads in 386.004 CPU sec, 143.135 real sec
[main] Version: 0.7.17-r1188
[main] CMD: /home/mshu/bwa-0.7.17/bwa mem -t 8 /home/mshu/GBS_96/S3_BWA/Pita_chr12.fasta /home/mshu/Stacks/samples/05/3129C7.fq.gz
[main] Real time: 1780.431 sec; CPU: 4243.250 sec
[M::bwa_idx_load_from_disk] read 0 ALT contigs
[M::process] read 1250000 sequences (80000000 bp)...
[M::process] read 1250000 sequences (80000000 bp)...
[M::mem_process_seqs] Processed 1250000 reads in 428.324 CPU sec, 286.123 real sec
[M::process] read 1250000 sequences (80000000 bp)...
[M::mem_process_seqs] Processed 1250000 reads in 427.479 CPU sec, 152.762 real sec
[M::process] read 1250000 sequences (80000000 bp)...
[M::mem_process_seqs] Processed 1250000 reads in 424.376 CPU sec, 166.869 real sec
[M::process] read 1250000 sequences (80000000 bp)...
[M::mem_process_seqs] Processed 1250000 reads in 425.297 CPU sec, 153.419 real sec
[M::process] read 1250000 sequences (80000000 bp)...
[M::mem_process_seqs] Processed 1250000 reads in 427.656 CPU sec, 153.377 real sec
[M::process] read 1250000 sequences (80000000 bp)...
[M::mem_process_seqs] Processed 1250000 reads in 423.963 CPU sec, 151.526 real sec
[M::process] read 1119652 sequences (71657728 bp)...
[M::mem_process_seqs] Processed 1250000 reads in 426.865 CPU sec, 151.569 real sec
[M::mem_process_seqs] Processed 1119652 reads in 388.983 CPU sec, 136.560 real sec
[main] Version: 0.7.17-r1188
[main] CMD: /home/mshu/bwa-0.7.17/bwa mem -t 8 /home/mshu/GBS_96/S3_BWA/Pita_chr12.fasta /home/mshu/Stacks/samples/05/3187C8.fq.gz
[main] Real time: 1390.227 sec; CPU: 3390.305 sec
[M::bwa_idx_load_from_disk] read 0 ALT contigs
[M::process] read 1250000 sequences (80000000 bp)...
[M::process] read 1250000 sequences (80000000 bp)...
[M::mem_process_seqs] Processed 1250000 reads in 590.013 CPU sec, 389.571 real sec
[M::process] read 1250000 sequences (80000000 bp)...
[M::mem_process_seqs] Processed 1250000 reads in 590.231 CPU sec, 218.115 real sec
[M::process] read 1250000 sequences (80000000 bp)...
[M::mem_process_seqs] Processed 1250000 reads in 586.643 CPU sec, 225.134 real sec
[M::process] read 826747 sequences (52911808 bp)...
[M::mem_process_seqs] Processed 1250000 reads in 588.540 CPU sec, 217.841 real sec
[M::mem_process_seqs] Processed 826747 reads in 398.642 CPU sec, 146.735 real sec
[main] Version: 0.7.17-r1188
[main] CMD: /home/mshu/bwa-0.7.17/bwa mem -t 8 /home/mshu/GBS_96/S3_BWA/Pita_chr12.fasta /home/mshu/Stacks/samples/05/3010C9.fq.gz
[main] Real time: 1235.637 sec; CPU: 2771.609 sec
[M::bwa_idx_load_from_disk] read 0 ALT contigs
[M::process] read 1250000 sequences (80000000 bp)...
[M::process] read 1250000 sequences (80000000 bp)...
[M::mem_process_seqs] Processed 1250000 reads in 621.810 CPU sec, 421.080 real sec
[M::process] read 1250000 sequences (80000000 bp)...
[M::mem_process_seqs] Processed 1250000 reads in 614.494 CPU sec, 222.377 real sec
[M::process] read 1250000 sequences (80000000 bp)...
[M::mem_process_seqs] Processed 1250000 reads in 616.122 CPU sec, 236.129 real sec
[M::process] read 1250000 sequences (80000000 bp)...
[M::mem_process_seqs] Processed 1250000 reads in 613.434 CPU sec, 224.914 real sec
[M::process] read 592038 sequences (37890432 bp)...
[M::mem_process_seqs] Processed 1250000 reads in 627.193 CPU sec, 236.174 real sec
[M::mem_process_seqs] Processed 592038 reads in 294.806 CPU sec, 107.439 real sec
[main] Version: 0.7.17-r1188
[main] CMD: /home/mshu/bwa-0.7.17/bwa mem -t 8 /home/mshu/GBS_96/S3_BWA/Pita_chr12.fasta /home/mshu/Stacks/samples/05/3068C10.fq.gz
[main] Real time: 1487.576 sec; CPU: 3405.131 sec
[M::bwa_idx_load_from_disk] read 0 ALT contigs
[M::process] read 1250000 sequences (80000000 bp)...
[M::process] read 1250000 sequences (80000000 bp)...
[M::mem_process_seqs] Processed 1250000 reads in 556.343 CPU sec, 387.277 real sec
[M::process] read 1250000 sequences (80000000 bp)...
[M::mem_process_seqs] Processed 1250000 reads in 555.214 CPU sec, 211.387 real sec
[M::process] read 1250000 sequences (80000000 bp)...
[M::mem_process_seqs] Processed 1250000 reads in 556.300 CPU sec, 204.415 real sec
[M::process] read 806119 sequences (51591616 bp)...
[M::mem_process_seqs] Processed 1250000 reads in 554.079 CPU sec, 215.718 real sec
[M::mem_process_seqs] Processed 806119 reads in 365.501 CPU sec, 134.961 real sec
[main] Version: 0.7.17-r1188
[main] CMD: /home/mshu/bwa-0.7.17/bwa mem -t 8 /home/mshu/GBS_96/S3_BWA/Pita_chr12.fasta /home/mshu/Stacks/samples/05/3152C11.fq.gz
[main] Real time: 1193.868 sec; CPU: 2605.219 sec
[M::bwa_idx_load_from_disk] read 0 ALT contigs
[M::process] read 1250000 sequences (80000000 bp)...
[M::process] read 1250000 sequences (80000000 bp)...
[M::mem_process_seqs] Processed 1250000 reads in 600.812 CPU sec, 398.824 real sec
[M::process] read 1250000 sequences (80000000 bp)...
[M::mem_process_seqs] Processed 1250000 reads in 598.409 CPU sec, 228.268 real sec
[M::process] read 1250000 sequences (80000000 bp)...
[M::mem_process_seqs] Processed 1250000 reads in 597.532 CPU sec, 220.852 real sec
[M::process] read 1250000 sequences (80000000 bp)...
[M::mem_process_seqs] Processed 1250000 reads in 595.680 CPU sec, 222.553 real sec
[M::process] read 1250000 sequences (80000000 bp)...
[M::mem_process_seqs] Processed 1250000 reads in 600.040 CPU sec, 226.591 real sec
[M::process] read 112560 sequences (7203840 bp)...
[M::mem_process_seqs] Processed 1250000 reads in 611.624 CPU sec, 235.138 real sec
[M::mem_process_seqs] Processed 112560 reads in 53.945 CPU sec, 18.675 real sec
[main] Version: 0.7.17-r1188
[main] CMD: /home/mshu/bwa-0.7.17/bwa mem -t 8 /home/mshu/GBS_96/S3_BWA/Pita_chr12.fasta /home/mshu/Stacks/samples/05/3165C12.fq.gz
[main] Real time: 1592.268 sec; CPU: 3675.708 sec
[M::bwa_idx_load_from_disk] read 0 ALT contigs
[M::process] read 1250000 sequences (80000000 bp)...
[M::process] read 1250000 sequences (80000000 bp)...
[M::mem_process_seqs] Processed 1250000 reads in 625.928 CPU sec, 435.454 real sec
[M::process] read 944400 sequences (60441600 bp)...
[M::mem_process_seqs] Processed 1250000 reads in 621.506 CPU sec, 236.566 real sec
[M::mem_process_seqs] Processed 944400 reads in 477.842 CPU sec, 177.874 real sec
[main] Version: 0.7.17-r1188
[main] CMD: /home/mshu/bwa-0.7.17/bwa mem -t 8 /home/mshu/GBS_96/S3_BWA/Pita_chr12.fasta /home/mshu/Stacks/samples/05/3260D1.fq.gz
[main] Real time: 888.517 sec; CPU: 1742.790 sec
[M::bwa_idx_load_from_disk] read 0 ALT contigs
[M::process] read 1250000 sequences (80000000 bp)...
[M::process] read 1250000 sequences (80000000 bp)...
[M::mem_process_seqs] Processed 1250000 reads in 630.560 CPU sec, 428.077 real sec
[M::process] read 1250000 sequences (80000000 bp)...
[M::mem_process_seqs] Processed 1250000 reads in 624.300 CPU sec, 234.299 real sec
[M::process] read 1250000 sequences (80000000 bp)...
[M::mem_process_seqs] Processed 1250000 reads in 624.281 CPU sec, 235.865 real sec
[M::process] read 1250000 sequences (80000000 bp)...
[M::mem_process_seqs] Processed 1250000 reads in 623.387 CPU sec, 235.730 real sec
[M::process] read 908540 sequences (58146560 bp)...
[M::mem_process_seqs] Processed 1250000 reads in 626.716 CPU sec, 245.178 real sec
[M::mem_process_seqs] Processed 908540 reads in 465.755 CPU sec, 171.781 real sec
[main] Version: 0.7.17-r1188
[main] CMD: /home/mshu/bwa-0.7.17/bwa mem -t 8 /home/mshu/GBS_96/S3_BWA/Pita_chr12.fasta /home/mshu/Stacks/samples/05/3364D2.fq.gz
[main] Real time: 1594.671 sec; CPU: 3612.729 sec
[M::bwa_idx_load_from_disk] read 0 ALT contigs
[M::process] read 1250000 sequences (80000000 bp)...
[M::process] read 1250000 sequences (80000000 bp)...
[M::mem_process_seqs] Processed 1250000 reads in 556.674 CPU sec, 375.186 real sec
[M::process] read 1250000 sequences (80000000 bp)...
[M::mem_process_seqs] Processed 1250000 reads in 553.929 CPU sec, 216.346 real sec
[M::process] read 1250000 sequences (80000000 bp)...
[M::mem_process_seqs] Processed 1250000 reads in 554.171 CPU sec, 212.416 real sec
[M::process] read 1250000 sequences (80000000 bp)...
[M::mem_process_seqs] Processed 1250000 reads in 554.953 CPU sec, 212.496 real sec
[M::process] read 23635 sequences (1512640 bp)...
[M::mem_process_seqs] Processed 1250000 reads in 567.083 CPU sec, 214.967 real sec
[M::mem_process_seqs] Processed 23635 reads in 11.467 CPU sec, 5.078 real sec
[main] Version: 0.7.17-r1188
[main] CMD: /home/mshu/bwa-0.7.17/bwa mem -t 8 /home/mshu/GBS_96/S3_BWA/Pita_chr12.fasta /home/mshu/Stacks/samples/05/3355D3.fq.gz
[main] Real time: 1274.025 sec; CPU: 2815.815 sec
[M::bwa_idx_load_from_disk] read 0 ALT contigs
[M::process] read 1250000 sequences (80000000 bp)...
[M::process] read 1250000 sequences (80000000 bp)...
[M::mem_process_seqs] Processed 1250000 reads in 622.155 CPU sec, 439.728 real sec
[M::process] read 1250000 sequences (80000000 bp)...
[M::mem_process_seqs] Processed 1250000 reads in 617.781 CPU sec, 234.412 real sec
[M::process] read 1250000 sequences (80000000 bp)...
[M::mem_process_seqs] Processed 1250000 reads in 618.749 CPU sec, 231.597 real sec
[M::process] read 1250000 sequences (80000000 bp)...
[M::mem_process_seqs] Processed 1250000 reads in 617.963 CPU sec, 228.270 real sec
[M::process] read 1250000 sequences (80000000 bp)...
[M::mem_process_seqs] Processed 1250000 reads in 615.645 CPU sec, 232.553 real sec
[M::process] read 941906 sequences (60281984 bp)...
[M::mem_process_seqs] Processed 1250000 reads in 625.551 CPU sec, 235.756 real sec
[M::mem_process_seqs] Processed 941906 reads in 478.673 CPU sec, 178.738 real sec
[main] Version: 0.7.17-r1188
[main] CMD: /home/mshu/bwa-0.7.17/bwa mem -t 8 /home/mshu/GBS_96/S3_BWA/Pita_chr12.fasta /home/mshu/Stacks/samples/05/3399D4.fq.gz
[main] Real time: 1819.009 sec; CPU: 4214.130 sec
[M::bwa_idx_load_from_disk] read 0 ALT contigs
[M::process] read 1250000 sequences (80000000 bp)...
[M::process] read 1250000 sequences (80000000 bp)...
[M::mem_process_seqs] Processed 1250000 reads in 602.916 CPU sec, 416.341 real sec
[M::process] read 1250000 sequences (80000000 bp)...
[M::mem_process_seqs] Processed 1250000 reads in 597.034 CPU sec, 221.040 real sec
[M::process] read 1250000 sequences (80000000 bp)...
[M::mem_process_seqs] Processed 1250000 reads in 600.597 CPU sec, 231.234 real sec
[M::process] read 1250000 sequences (80000000 bp)...
[M::mem_process_seqs] Processed 1250000 reads in 599.111 CPU sec, 225.439 real sec
[M::process] read 644437 sequences (41243968 bp)...
[M::mem_process_seqs] Processed 1250000 reads in 603.896 CPU sec, 222.631 real sec
[M::mem_process_seqs] Processed 644437 reads in 315.552 CPU sec, 118.970 real sec
[main] Version: 0.7.17-r1188
[main] CMD: /home/mshu/bwa-0.7.17/bwa mem -t 8 /home/mshu/GBS_96/S3_BWA/Pita_chr12.fasta /home/mshu/Stacks/samples/05/3318D5.fq.gz
[main] Real time: 1476.548 sec; CPU: 3336.648 sec
[M::bwa_idx_load_from_disk] read 0 ALT contigs
[M::process] read 1250000 sequences (80000000 bp)...
[M::process] read 1250000 sequences (80000000 bp)...
[M::mem_process_seqs] Processed 1250000 reads in 646.501 CPU sec, 444.847 real sec
[M::process] read 1250000 sequences (80000000 bp)...
[M::mem_process_seqs] Processed 1250000 reads in 648.779 CPU sec, 250.969 real sec
[M::process] read 1250000 sequences (80000000 bp)...
[M::mem_process_seqs] Processed 1250000 reads in 645.712 CPU sec, 243.417 real sec
[M::process] read 1250000 sequences (80000000 bp)...
[M::mem_process_seqs] Processed 1250000 reads in 646.170 CPU sec, 242.756 real sec
[M::process] read 1250000 sequences (80000000 bp)...
[M::mem_process_seqs] Processed 1250000 reads in 645.004 CPU sec, 252.187 real sec
[M::process] read 542372 sequences (34711808 bp)...
[M::mem_process_seqs] Processed 1250000 reads in 666.545 CPU sec, 256.306 real sec
[M::mem_process_seqs] Processed 542372 reads in 278.977 CPU sec, 102.456 real sec
[main] Version: 0.7.17-r1188
[main] CMD: /home/mshu/bwa-0.7.17/bwa mem -t 8 /home/mshu/GBS_96/S3_BWA/Pita_chr12.fasta /home/mshu/Stacks/samples/05/3368D6.fq.gz
[main] Real time: 1836.903 sec; CPU: 4194.933 sec
[M::bwa_idx_load_from_disk] read 0 ALT contigs
[M::process] read 1250000 sequences (80000000 bp)...
[M::process] read 1250000 sequences (80000000 bp)...
[M::mem_process_seqs] Processed 1250000 reads in 586.446 CPU sec, 397.772 real sec
[M::process] read 1250000 sequences (80000000 bp)...
[M::mem_process_seqs] Processed 1250000 reads in 585.673 CPU sec, 217.073 real sec
[M::process] read 1250000 sequences (80000000 bp)...
[M::mem_process_seqs] Processed 1250000 reads in 585.061 CPU sec, 226.998 real sec
[M::process] read 981785 sequences (62834240 bp)...
[M::mem_process_seqs] Processed 1250000 reads in 582.284 CPU sec, 216.895 real sec
[M::mem_process_seqs] Processed 981785 reads in 481.436 CPU sec, 191.356 real sec
[main] Version: 0.7.17-r1188
[main] CMD: /home/mshu/bwa-0.7.17/bwa mem -t 8 /home/mshu/GBS_96/S3_BWA/Pita_chr12.fasta /home/mshu/Stacks/samples/05/3365D7.fq.gz
[main] Real time: 1291.629 sec; CPU: 2839.065 sec
[bwt_restore_sa] Failed to allocate 11052104536 bytes at bwt.c line 436: Cannot allocate memory
slurmstepd: error: *** JOB 90161 ON mrcd04 CANCELLED AT 2018-10-14T11:26:32 ***
